<?xml version="1.0" encoding="UTF-8"?>
<!-- Generated by org.testng.reporters.JUnitXMLReporter -->
<testsuite hostname="L6N57JR2" ignored="2" name="Test" tests="6" failures="0" timestamp="02 May 2021 14:58:35 GMT" time="91.844" errors="0">
  <testcase name="TC002" time="5.367" classname="testcases.APITestCase"/>
  <testcase name="TC001" time="17.34" classname="testcases.UITestCase"/>
  <testcase name="TC003" time="29.195" classname="testcases.UIAndAPIComparison"/>
  <testcase name="TC002" time="0.344" classname="testcases.APITestCase"/>
  <testcase name="TC001" time="29.436" classname="testcases.UITestCase"/>
  <testcase name="TC003" time="16.025" classname="testcases.UIAndAPIComparison"/>
  <testcase name="@BeforeTest setConfigProperties" time="0.0" classname="annotations.Annotations">
    <ignored/>
  </testcase> <!-- @BeforeTest setConfigProperties -->
  <testcase name="@BeforeTest setConfigProperties" time="0.0" classname="annotations.Annotations">
    <ignored/>
  </testcase> <!-- @BeforeTest setConfigProperties -->
</testsuite> <!-- Test -->
