<?xml version="1.0" encoding="UTF-8"?>
<!-- Generated by org.testng.reporters.JUnitXMLReporter -->
<testsuite hostname="L6N57JR2" ignored="2" name="Test" tests="6" failures="2" timestamp="02 May 2021 14:43:26 GMT" time="129.912" errors="0">
  <testcase name="TC002" time="5.686" classname="testcases.APITestCase"/>
  <testcase name="TC002" time="0.373" classname="testcases.APITestCase"/>
  <testcase name="TC001" time="39.345" classname="testcases.UITestCase"/>
  <testcase name="TC003" time="49.535" classname="testcases.UIAndAPIComparison">
    <failure type="java.lang.AssertionError" message="Actual UI output: 32Actual API output: 28 expected [true] but found [false]">
      <![CDATA[java.lang.AssertionError: Actual UI output: 32Actual API output: 28 expected [true] but found [false]
at testcases.UIAndAPIComparison.TC003(UIAndAPIComparison.java:34)
at java.util.concurrent.ThreadPoolExecutor.runWorker(Unknown Source)
at java.util.concurrent.ThreadPoolExecutor$Worker.run(Unknown Source)
at java.lang.Thread.run(Unknown Source)
... Removed 13 stack frames]]>
    </failure>
  </testcase> <!-- TC003 -->
  <testcase name="TC001" time="18.094" classname="testcases.UITestCase"/>
  <testcase name="TC003" time="16.612" classname="testcases.UIAndAPIComparison">
    <failure type="java.lang.AssertionError" message="Actual UI output: 99Actual API output: 87.8 expected [true] but found [false]">
      <![CDATA[java.lang.AssertionError: Actual UI output: 99Actual API output: 87.8 expected [true] but found [false]
at testcases.UIAndAPIComparison.TC003(UIAndAPIComparison.java:37)
at java.util.concurrent.ThreadPoolExecutor.runWorker(Unknown Source)
at java.util.concurrent.ThreadPoolExecutor$Worker.run(Unknown Source)
at java.lang.Thread.run(Unknown Source)
... Removed 13 stack frames]]>
    </failure>
  </testcase> <!-- TC003 -->
  <testcase name="@BeforeTest setConfigProperties" time="0.0" classname="annotations.Annotations">
    <ignored/>
  </testcase> <!-- @BeforeTest setConfigProperties -->
  <testcase name="@BeforeTest setConfigProperties" time="0.0" classname="annotations.Annotations">
    <ignored/>
  </testcase> <!-- @BeforeTest setConfigProperties -->
</testsuite> <!-- Test -->
