<?xml version="1.0" encoding="UTF-8"?>
<testsuite xmlns:xsi="http://www.w3.org/2001/XMLSchema-instance" xsi:noNamespaceSchemaLocation="https://maven.apache.org/surefire/maven-surefire-plugin/xsd/surefire-test-report.xsd" name="TestSuite" time="130.955" tests="6" errors="0" skipped="0" failures="2">
  <properties>
[...]
</properties>
  <testcase name="TC002" classname="testcases.APITestCase" time="5.689"/>
  <testcase name="TC002" classname="testcases.APITestCase" time="0.373"/>
  <testcase name="TC001" classname="testcases.UITestCase" time="11.378"/>
  <testcase name="TC001" classname="testcases.UITestCase" time="11.466"/>
  <testcase name="TC003" classname="testcases.UIAndAPIComparison" time="21.987">
    <failure message="Actual UI output: 32Actual API output: 28 expected [true] but found [false]" type="java.lang.AssertionError">java.lang.AssertionError: Actual UI output: 32Actual API output: 28 expected [true] but found [false]
	at testcases.UIAndAPIComparison.TC003(UIAndAPIComparison.java:34)
</failure>
    <system-out><![CDATA[chrome
Request method:	GET
Request URI:	http://api.openweathermap.org/data/2.5/weather?q=Mangalore&appid=7fe67bf08c80ded756e598d6f8fedaea&units=metric
Proxy:			<none>
Request params:	<none>
Query params:	q=Mangalore
				appid=7fe67bf08c80ded756e598d6f8fedaea
				units=metric
Form params:	<none>
Path params:	<none>
Headers:		Accept=*/*
				Content-Type=application/json; charset=UTF-8
Cookies:		<none>
Multiparts:		<none>
Body:			<none>
]]></system-out>
    <system-err><![CDATA[Starting ChromeDriver 90.0.4430.24 (4c6d850f087da467d926e8eddb76550aed655991-refs/branch-heads/4430@{#429}) on port 10315
Only local connections are allowed.
Please see https://chromedriver.chromium.org/security-considerations for suggestions on keeping ChromeDriver safe.
ChromeDriver was started successfully.
May 02, 2021 8:12:45 PM org.openqa.selenium.remote.ProtocolHandshake createSession
INFO: Detected dialect: W3C
]]></system-err>
  </testcase>
  <testcase name="TC003" classname="testcases.UIAndAPIComparison" time="16.613">
    <failure message="Actual UI output: 99Actual API output: 87.8 expected [true] but found [false]" type="java.lang.AssertionError">java.lang.AssertionError: Actual UI output: 99Actual API output: 87.8 expected [true] but found [false]
	at testcases.UIAndAPIComparison.TC003(UIAndAPIComparison.java:37)
</failure>
    <system-out><![CDATA[Request method:	GET
Request URI:	http://api.openweathermap.org/data/2.5/weather?q=Kanpur&appid=7fe67bf08c80ded756e598d6f8fedaea&units=imperial
Proxy:			<none>
Request params:	<none>
Query params:	q=Kanpur
				appid=7fe67bf08c80ded756e598d6f8fedaea
				units=imperial
Form params:	<none>
Path params:	<none>
Headers:		Accept=*/*
				Content-Type=application/json; charset=UTF-8
Cookies:		<none>
Multiparts:		<none>
Body:			<none>
]]></system-out>
  </testcase>
</testsuite>