<?xml version="1.0" encoding="UTF-8"?>
<testng-results skipped="0" failed="2" ignored="2" total="8" passed="4">
  <reporter-output>
    <line>
      <![CDATA[Temperature of Mangalorein metric is 28]]>
    </line>
    <line>
      <![CDATA[Temperature of Kanpurin imperial is 87.8]]>
    </line>
    <line>
      <![CDATA[Temperature of Mangalorein metric is 32]]>
    </line>
    <line>
      <![CDATA[Temperature of Kanpurin imperial is 99]]>
    </line>
  </reporter-output>
  <suite name="Suite" duration-ms="129912" started-at="2021-05-02T14:41:17Z" finished-at="2021-05-02T14:43:26Z">
    <groups>
    </groups>
    <test name="Test" duration-ms="129912" started-at="2021-05-02T14:41:17Z" finished-at="2021-05-02T14:43:26Z">
      <class name="testcases.UITestCase">
        <test-method status="PASS" signature="before()[pri:0, instance:testcases.UITestCase@9629756]" name="before" is-config="true" duration-ms="45833" started-at="2021-05-02T14:41:17Z" finished-at="2021-05-02T14:42:03Z">
          <reporter-output>
          </reporter-output>
        </test-method> <!-- before -->
        <test-method status="PASS" signature="TC001(java.lang.String, java.lang.String, java.lang.String)[pri:0, instance:testcases.UITestCase@9629756]" name="TC001" duration-ms="39345" started-at="2021-05-02T14:42:03Z" data-provider="data" finished-at="2021-05-02T14:42:42Z">
          <params>
            <param index="0">
              <value>
                <![CDATA[Mangalore]]>
              </value>
            </param>
            <param index="1">
              <value>
                <![CDATA[metric]]>
              </value>
            </param>
            <param index="2">
              <value>
                <![CDATA[3]]>
              </value>
            </param>
          </params>
          <reporter-output>
            <line>
              <![CDATA[Temperature of Mangalorein metric is 32]]>
            </line>
          </reporter-output>
        </test-method> <!-- TC001 -->
        <test-method status="PASS" signature="after()[pri:0, instance:testcases.UITestCase@9629756]" name="after" is-config="true" duration-ms="83" started-at="2021-05-02T14:42:42Z" finished-at="2021-05-02T14:42:42Z">
          <reporter-output>
          </reporter-output>
        </test-method> <!-- after -->
        <test-method status="PASS" signature="before()[pri:0, instance:testcases.UITestCase@9629756]" name="before" is-config="true" duration-ms="20619" started-at="2021-05-02T14:42:42Z" finished-at="2021-05-02T14:43:03Z">
          <reporter-output>
          </reporter-output>
        </test-method> <!-- before -->
        <test-method status="PASS" signature="TC001(java.lang.String, java.lang.String, java.lang.String)[pri:0, instance:testcases.UITestCase@9629756]" name="TC001" duration-ms="18094" started-at="2021-05-02T14:43:03Z" data-provider="data" finished-at="2021-05-02T14:43:21Z">
          <params>
            <param index="0">
              <value>
                <![CDATA[Kanpur]]>
              </value>
            </param>
            <param index="1">
              <value>
                <![CDATA[imperial]]>
              </value>
            </param>
            <param index="2">
              <value>
                <![CDATA[10]]>
              </value>
            </param>
          </params>
          <reporter-output>
            <line>
              <![CDATA[Temperature of Kanpurin imperial is 99]]>
            </line>
          </reporter-output>
        </test-method> <!-- TC001 -->
        <test-method status="PASS" signature="after()[pri:0, instance:testcases.UITestCase@9629756]" name="after" is-config="true" duration-ms="118" started-at="2021-05-02T14:43:21Z" finished-at="2021-05-02T14:43:21Z">
          <reporter-output>
          </reporter-output>
        </test-method> <!-- after -->
      </class> <!-- testcases.UITestCase -->
      <class name="testcases.APITestCase">
        <test-method status="PASS" signature="setConfigProperties()[pri:0, instance:testcases.APITestCase@51081592]" name="setConfigProperties" is-config="true" duration-ms="22" started-at="2021-05-02T14:41:17Z" finished-at="2021-05-02T14:41:17Z">
          <reporter-output>
          </reporter-output>
        </test-method> <!-- setConfigProperties -->
        <test-method status="PASS" signature="before()[pri:0, instance:testcases.APITestCase@51081592]" name="before" is-config="true" duration-ms="36098" started-at="2021-05-02T14:41:17Z" finished-at="2021-05-02T14:41:53Z">
          <reporter-output>
          </reporter-output>
        </test-method> <!-- before -->
        <test-method status="PASS" signature="TC002(java.lang.String, java.lang.String, java.lang.String)[pri:0, instance:testcases.APITestCase@51081592]" name="TC002" duration-ms="5686" started-at="2021-05-02T14:41:53Z" data-provider="data" finished-at="2021-05-02T14:41:59Z">
          <params>
            <param index="0">
              <value>
                <![CDATA[Mangalore]]>
              </value>
            </param>
            <param index="1">
              <value>
                <![CDATA[metric]]>
              </value>
            </param>
            <param index="2">
              <value>
                <![CDATA[3]]>
              </value>
            </param>
          </params>
          <reporter-output>
            <line>
              <![CDATA[Temperature of Mangalorein metric is 28]]>
            </line>
          </reporter-output>
        </test-method> <!-- TC002 -->
        <test-method status="PASS" signature="after()[pri:0, instance:testcases.APITestCase@51081592]" name="after" is-config="true" duration-ms="621" started-at="2021-05-02T14:41:59Z" finished-at="2021-05-02T14:42:00Z">
          <reporter-output>
          </reporter-output>
        </test-method> <!-- after -->
        <test-method status="PASS" signature="before()[pri:0, instance:testcases.APITestCase@51081592]" name="before" is-config="true" duration-ms="31391" started-at="2021-05-02T14:42:00Z" finished-at="2021-05-02T14:42:31Z">
          <reporter-output>
          </reporter-output>
        </test-method> <!-- before -->
        <test-method status="PASS" signature="TC002(java.lang.String, java.lang.String, java.lang.String)[pri:0, instance:testcases.APITestCase@51081592]" name="TC002" duration-ms="373" started-at="2021-05-02T14:42:31Z" data-provider="data" finished-at="2021-05-02T14:42:31Z">
          <params>
            <param index="0">
              <value>
                <![CDATA[Kanpur]]>
              </value>
            </param>
            <param index="1">
              <value>
                <![CDATA[imperial]]>
              </value>
            </param>
            <param index="2">
              <value>
                <![CDATA[10]]>
              </value>
            </param>
          </params>
          <reporter-output>
            <line>
              <![CDATA[Temperature of Kanpurin imperial is 87.8]]>
            </line>
          </reporter-output>
        </test-method> <!-- TC002 -->
        <test-method status="PASS" signature="after()[pri:0, instance:testcases.APITestCase@51081592]" name="after" is-config="true" duration-ms="20263" started-at="2021-05-02T14:42:31Z" finished-at="2021-05-02T14:42:52Z">
          <reporter-output>
          </reporter-output>
        </test-method> <!-- after -->
      </class> <!-- testcases.APITestCase -->
      <class name="testcases.UIAndAPIComparison">
        <test-method status="PASS" signature="before()[pri:0, instance:testcases.UIAndAPIComparison@7f9a81e8]" name="before" is-config="true" duration-ms="46234" started-at="2021-05-02T14:41:17Z" finished-at="2021-05-02T14:42:03Z">
          <reporter-output>
          </reporter-output>
        </test-method> <!-- before -->
        <test-method status="FAIL" signature="TC003(java.lang.String, java.lang.String, java.lang.String)[pri:0, instance:testcases.UIAndAPIComparison@7f9a81e8]" name="TC003" duration-ms="49535" started-at="2021-05-02T14:42:03Z" data-provider="data" finished-at="2021-05-02T14:42:53Z">
          <params>
            <param index="0">
              <value>
                <![CDATA[Mangalore]]>
              </value>
            </param>
            <param index="1">
              <value>
                <![CDATA[metric]]>
              </value>
            </param>
            <param index="2">
              <value>
                <![CDATA[3]]>
              </value>
            </param>
          </params>
          <exception class="java.lang.AssertionError">
            <message>
              <![CDATA[Actual UI output: 32Actual API output: 28 expected [true] but found [false]]]>
            </message>
            <full-stacktrace>
              <![CDATA[java.lang.AssertionError: Actual UI output: 32Actual API output: 28 expected [true] but found [false]
at org.testng.Assert.fail(Assert.java:96)
at org.testng.Assert.failNotEquals(Assert.java:776)
at org.testng.Assert.assertTrue(Assert.java:44)
at testcases.UIAndAPIComparison.TC003(UIAndAPIComparison.java:34)
at sun.reflect.NativeMethodAccessorImpl.invoke0(Native Method)
at sun.reflect.NativeMethodAccessorImpl.invoke(Unknown Source)
at sun.reflect.DelegatingMethodAccessorImpl.invoke(Unknown Source)
at java.lang.reflect.Method.invoke(Unknown Source)
at org.testng.internal.MethodInvocationHelper.invokeMethod(MethodInvocationHelper.java:124)
at org.testng.internal.Invoker.invokeMethod(Invoker.java:580)
at org.testng.internal.Invoker.invokeTestMethod(Invoker.java:716)
at org.testng.internal.Invoker.invokeTestMethods(Invoker.java:988)
at org.testng.internal.TestMethodWorker.invokeTestMethods(TestMethodWorker.java:125)
at org.testng.internal.TestMethodWorker.run(TestMethodWorker.java:109)
at java.util.concurrent.ThreadPoolExecutor.runWorker(Unknown Source)
at java.util.concurrent.ThreadPoolExecutor$Worker.run(Unknown Source)
at java.lang.Thread.run(Unknown Source)
]]>
            </full-stacktrace>
          </exception> <!-- java.lang.AssertionError -->
          <reporter-output>
          </reporter-output>
        </test-method> <!-- TC003 -->
        <test-method status="PASS" signature="after()[pri:0, instance:testcases.UIAndAPIComparison@7f9a81e8]" name="after" is-config="true" duration-ms="131" started-at="2021-05-02T14:42:53Z" finished-at="2021-05-02T14:42:53Z">
          <reporter-output>
          </reporter-output>
        </test-method> <!-- after -->
        <test-method status="PASS" signature="before()[pri:0, instance:testcases.UIAndAPIComparison@7f9a81e8]" name="before" is-config="true" duration-ms="16591" started-at="2021-05-02T14:42:53Z" finished-at="2021-05-02T14:43:10Z">
          <reporter-output>
          </reporter-output>
        </test-method> <!-- before -->
        <test-method status="FAIL" signature="TC003(java.lang.String, java.lang.String, java.lang.String)[pri:0, instance:testcases.UIAndAPIComparison@7f9a81e8]" name="TC003" duration-ms="16612" started-at="2021-05-02T14:43:10Z" data-provider="data" finished-at="2021-05-02T14:43:26Z">
          <params>
            <param index="0">
              <value>
                <![CDATA[Kanpur]]>
              </value>
            </param>
            <param index="1">
              <value>
                <![CDATA[imperial]]>
              </value>
            </param>
            <param index="2">
              <value>
                <![CDATA[10]]>
              </value>
            </param>
          </params>
          <exception class="java.lang.AssertionError">
            <message>
              <![CDATA[Actual UI output: 99Actual API output: 87.8 expected [true] but found [false]]]>
            </message>
            <full-stacktrace>
              <![CDATA[java.lang.AssertionError: Actual UI output: 99Actual API output: 87.8 expected [true] but found [false]
at org.testng.Assert.fail(Assert.java:96)
at org.testng.Assert.failNotEquals(Assert.java:776)
at org.testng.Assert.assertTrue(Assert.java:44)
at testcases.UIAndAPIComparison.TC003(UIAndAPIComparison.java:37)
at sun.reflect.NativeMethodAccessorImpl.invoke0(Native Method)
at sun.reflect.NativeMethodAccessorImpl.invoke(Unknown Source)
at sun.reflect.DelegatingMethodAccessorImpl.invoke(Unknown Source)
at java.lang.reflect.Method.invoke(Unknown Source)
at org.testng.internal.MethodInvocationHelper.invokeMethod(MethodInvocationHelper.java:124)
at org.testng.internal.Invoker.invokeMethod(Invoker.java:580)
at org.testng.internal.Invoker.invokeTestMethod(Invoker.java:716)
at org.testng.internal.Invoker.invokeTestMethods(Invoker.java:988)
at org.testng.internal.TestMethodWorker.invokeTestMethods(TestMethodWorker.java:125)
at org.testng.internal.TestMethodWorker.run(TestMethodWorker.java:109)
at java.util.concurrent.ThreadPoolExecutor.runWorker(Unknown Source)
at java.util.concurrent.ThreadPoolExecutor$Worker.run(Unknown Source)
at java.lang.Thread.run(Unknown Source)
]]>
            </full-stacktrace>
          </exception> <!-- java.lang.AssertionError -->
          <reporter-output>
          </reporter-output>
        </test-method> <!-- TC003 -->
        <test-method status="PASS" signature="after()[pri:0, instance:testcases.UIAndAPIComparison@7f9a81e8]" name="after" is-config="true" duration-ms="121" started-at="2021-05-02T14:43:26Z" finished-at="2021-05-02T14:43:26Z">
          <reporter-output>
          </reporter-output>
        </test-method> <!-- after -->
      </class> <!-- testcases.UIAndAPIComparison -->
    </test> <!-- Test -->
  </suite> <!-- Suite -->
</testng-results>
