<?xml version="1.0" encoding="UTF-8"?>
<testng-results skipped="0" failed="0" ignored="2" total="8" passed="6">
  <reporter-output>
    <line>
      <![CDATA[Temperature of Mangalore in metric is 28]]>
    </line>
    <line>
      <![CDATA[Temperature of Mangalore in metric is 32]]>
    </line>
    <line>
      <![CDATA[Temperature of Kanpur in imperial is 87.8]]>
    </line>
    <line>
      <![CDATA[Temperature of Kanpur in imperial is 99]]>
    </line>
  </reporter-output>
  <suite name="Suite" duration-ms="91844" started-at="2021-05-02T14:57:03Z" finished-at="2021-05-02T14:58:35Z">
    <groups>
    </groups>
    <test name="Test" duration-ms="91844" started-at="2021-05-02T14:57:03Z" finished-at="2021-05-02T14:58:35Z">
      <class name="testcases.UITestCase">
        <test-method status="PASS" signature="before()[pri:0, instance:testcases.UITestCase@64bfbc86]" name="before" is-config="true" duration-ms="24307" started-at="2021-05-02T14:57:03Z" finished-at="2021-05-02T14:57:28Z">
          <reporter-output>
          </reporter-output>
        </test-method> <!-- before -->
        <test-method status="PASS" signature="TC001(java.lang.String, java.lang.String, java.lang.String)[pri:0, instance:testcases.UITestCase@64bfbc86]" name="TC001" duration-ms="17340" started-at="2021-05-02T14:57:28Z" data-provider="data" finished-at="2021-05-02T14:57:45Z">
          <params>
            <param index="0">
              <value>
                <![CDATA[Mangalore]]>
              </value>
            </param>
            <param index="1">
              <value>
                <![CDATA[metric]]>
              </value>
            </param>
            <param index="2">
              <value>
                <![CDATA[6]]>
              </value>
            </param>
          </params>
          <reporter-output>
            <line>
              <![CDATA[Temperature of Mangalore in metric is 32]]>
            </line>
          </reporter-output>
        </test-method> <!-- TC001 -->
        <test-method status="PASS" signature="after()[pri:0, instance:testcases.UITestCase@64bfbc86]" name="after" is-config="true" duration-ms="100" started-at="2021-05-02T14:57:45Z" finished-at="2021-05-02T14:57:45Z">
          <reporter-output>
          </reporter-output>
        </test-method> <!-- after -->
        <test-method status="PASS" signature="before()[pri:0, instance:testcases.UITestCase@64bfbc86]" name="before" is-config="true" duration-ms="15290" started-at="2021-05-02T14:57:45Z" finished-at="2021-05-02T14:58:00Z">
          <reporter-output>
          </reporter-output>
        </test-method> <!-- before -->
        <test-method status="PASS" signature="TC001(java.lang.String, java.lang.String, java.lang.String)[pri:0, instance:testcases.UITestCase@64bfbc86]" name="TC001" duration-ms="29436" started-at="2021-05-02T14:58:00Z" data-provider="data" finished-at="2021-05-02T14:58:30Z">
          <params>
            <param index="0">
              <value>
                <![CDATA[Kanpur]]>
              </value>
            </param>
            <param index="1">
              <value>
                <![CDATA[imperial]]>
              </value>
            </param>
            <param index="2">
              <value>
                <![CDATA[12]]>
              </value>
            </param>
          </params>
          <reporter-output>
            <line>
              <![CDATA[Temperature of Kanpur in imperial is 99]]>
            </line>
          </reporter-output>
        </test-method> <!-- TC001 -->
        <test-method status="PASS" signature="after()[pri:0, instance:testcases.UITestCase@64bfbc86]" name="after" is-config="true" duration-ms="88" started-at="2021-05-02T14:58:30Z" finished-at="2021-05-02T14:58:30Z">
          <reporter-output>
          </reporter-output>
        </test-method> <!-- after -->
      </class> <!-- testcases.UITestCase -->
      <class name="testcases.APITestCase">
        <test-method status="PASS" signature="setConfigProperties()[pri:0, instance:testcases.APITestCase@20322d26]" name="setConfigProperties" is-config="true" duration-ms="20" started-at="2021-05-02T14:57:03Z" finished-at="2021-05-02T14:57:03Z">
          <reporter-output>
          </reporter-output>
        </test-method> <!-- setConfigProperties -->
        <test-method status="PASS" signature="before()[pri:0, instance:testcases.APITestCase@20322d26]" name="before" is-config="true" duration-ms="26604" started-at="2021-05-02T14:57:03Z" finished-at="2021-05-02T14:57:30Z">
          <reporter-output>
          </reporter-output>
        </test-method> <!-- before -->
        <test-method status="PASS" signature="TC002(java.lang.String, java.lang.String, java.lang.String)[pri:0, instance:testcases.APITestCase@20322d26]" name="TC002" duration-ms="5367" started-at="2021-05-02T14:57:30Z" data-provider="data" finished-at="2021-05-02T14:57:35Z">
          <params>
            <param index="0">
              <value>
                <![CDATA[Mangalore]]>
              </value>
            </param>
            <param index="1">
              <value>
                <![CDATA[metric]]>
              </value>
            </param>
            <param index="2">
              <value>
                <![CDATA[6]]>
              </value>
            </param>
          </params>
          <reporter-output>
            <line>
              <![CDATA[Temperature of Mangalore in metric is 28]]>
            </line>
          </reporter-output>
        </test-method> <!-- TC002 -->
        <test-method status="PASS" signature="after()[pri:0, instance:testcases.APITestCase@20322d26]" name="after" is-config="true" duration-ms="19540" started-at="2021-05-02T14:57:35Z" finished-at="2021-05-02T14:57:55Z">
          <reporter-output>
          </reporter-output>
        </test-method> <!-- after -->
        <test-method status="PASS" signature="before()[pri:0, instance:testcases.APITestCase@20322d26]" name="before" is-config="true" duration-ms="20962" started-at="2021-05-02T14:57:55Z" finished-at="2021-05-02T14:58:16Z">
          <reporter-output>
          </reporter-output>
        </test-method> <!-- before -->
        <test-method status="PASS" signature="TC002(java.lang.String, java.lang.String, java.lang.String)[pri:0, instance:testcases.APITestCase@20322d26]" name="TC002" duration-ms="344" started-at="2021-05-02T14:58:16Z" data-provider="data" finished-at="2021-05-02T14:58:16Z">
          <params>
            <param index="0">
              <value>
                <![CDATA[Kanpur]]>
              </value>
            </param>
            <param index="1">
              <value>
                <![CDATA[imperial]]>
              </value>
            </param>
            <param index="2">
              <value>
                <![CDATA[12]]>
              </value>
            </param>
          </params>
          <reporter-output>
            <line>
              <![CDATA[Temperature of Kanpur in imperial is 87.8]]>
            </line>
          </reporter-output>
        </test-method> <!-- TC002 -->
        <test-method status="PASS" signature="after()[pri:0, instance:testcases.APITestCase@20322d26]" name="after" is-config="true" duration-ms="785" started-at="2021-05-02T14:58:16Z" finished-at="2021-05-02T14:58:17Z">
          <reporter-output>
          </reporter-output>
        </test-method> <!-- after -->
      </class> <!-- testcases.APITestCase -->
      <class name="testcases.UIAndAPIComparison">
        <test-method status="PASS" signature="before()[pri:0, instance:testcases.UIAndAPIComparison@192b07fd]" name="before" is-config="true" duration-ms="24336" started-at="2021-05-02T14:57:03Z" finished-at="2021-05-02T14:57:28Z">
          <reporter-output>
          </reporter-output>
        </test-method> <!-- before -->
        <test-method status="PASS" signature="TC003(java.lang.String, java.lang.String, java.lang.String)[pri:0, instance:testcases.UIAndAPIComparison@192b07fd]" name="TC003" duration-ms="29195" started-at="2021-05-02T14:57:28Z" data-provider="data" finished-at="2021-05-02T14:57:57Z">
          <params>
            <param index="0">
              <value>
                <![CDATA[Mangalore]]>
              </value>
            </param>
            <param index="1">
              <value>
                <![CDATA[metric]]>
              </value>
            </param>
            <param index="2">
              <value>
                <![CDATA[6]]>
              </value>
            </param>
          </params>
          <reporter-output>
          </reporter-output>
        </test-method> <!-- TC003 -->
        <test-method status="PASS" signature="after()[pri:0, instance:testcases.UIAndAPIComparison@192b07fd]" name="after" is-config="true" duration-ms="1360" started-at="2021-05-02T14:57:57Z" finished-at="2021-05-02T14:57:58Z">
          <reporter-output>
          </reporter-output>
        </test-method> <!-- after -->
        <test-method status="PASS" signature="before()[pri:0, instance:testcases.UIAndAPIComparison@192b07fd]" name="before" is-config="true" duration-ms="20149" started-at="2021-05-02T14:57:58Z" finished-at="2021-05-02T14:58:18Z">
          <reporter-output>
          </reporter-output>
        </test-method> <!-- before -->
        <test-method status="PASS" signature="TC003(java.lang.String, java.lang.String, java.lang.String)[pri:0, instance:testcases.UIAndAPIComparison@192b07fd]" name="TC003" duration-ms="16025" started-at="2021-05-02T14:58:18Z" data-provider="data" finished-at="2021-05-02T14:58:34Z">
          <params>
            <param index="0">
              <value>
                <![CDATA[Kanpur]]>
              </value>
            </param>
            <param index="1">
              <value>
                <![CDATA[imperial]]>
              </value>
            </param>
            <param index="2">
              <value>
                <![CDATA[12]]>
              </value>
            </param>
          </params>
          <reporter-output>
          </reporter-output>
        </test-method> <!-- TC003 -->
        <test-method status="PASS" signature="after()[pri:0, instance:testcases.UIAndAPIComparison@192b07fd]" name="after" is-config="true" duration-ms="123" started-at="2021-05-02T14:58:34Z" finished-at="2021-05-02T14:58:35Z">
          <reporter-output>
          </reporter-output>
        </test-method> <!-- after -->
      </class> <!-- testcases.UIAndAPIComparison -->
    </test> <!-- Test -->
  </suite> <!-- Suite -->
</testng-results>
